<?xml version="1.0" encoding="UTF-8"?>
<!-- Generated by org.testng.reporters.JUnitReportReporter -->
<testsuite hostname="DESKTOP-GJMFF2T" failures="0" tests="1" name="testNG.TestNGpractice" time="0.034" errors="0" timestamp="2022-08-02T11:44:57 IST" skipped="0">
  <testcase classname="testNG.TestNGpractice" name="method" time="0.034"/>
  <system-out/>
</testsuite> <!-- testNG.TestNGpractice -->
